<?xml version="1.0" encoding="UTF-8"?>
<!-- Generated by org.testng.reporters.JUnitReportReporter -->
<testsuite hostname="DESKTOP-5BS5P0S" failures="0" tests="1" name="runner.TestRunner" time="67.182" errors="0" timestamp="2025-05-03T22:44:30 IST" skipped="0">
  <testcase classname="runner.TestRunner" name="runScenario" time="67.182"/>
</testsuite> <!-- runner.TestRunner -->
