<?xml version="1.0" encoding="UTF-8"?>
<!-- Generated by org.testng.reporters.JUnitReportReporter -->
<testsuite hostname="DESKTOP-5BS5P0S" failures="0" tests="1" name="runner.TestRunner" time="70.092" errors="0" timestamp="2025-05-03T21:44:48 IST" skipped="0">
  <testcase classname="runner.TestRunner" name="runScenario" time="70.092"/>
</testsuite> <!-- runner.TestRunner -->
