<?xml version="1.0" encoding="UTF-8"?>
<!-- Generated by org.testng.reporters.JUnitReportReporter -->
<testsuite hostname="DESKTOP-5BS5P0S" failures="0" tests="1" name="runner.TestRunner" time="72.536" errors="0" timestamp="2025-04-28T22:24:14 IST" skipped="0">
  <testcase classname="runner.TestRunner" name="runScenario" time="72.536"/>
</testsuite> <!-- runner.TestRunner -->
