<?xml version="1.0" encoding="UTF-8"?>
<!-- Generated by org.testng.reporters.JUnitReportReporter -->
<testsuite hostname="DESKTOP-5BS5P0S" failures="0" tests="1" name="runner.TestRunner" time="95.626" errors="0" timestamp="2025-05-03T20:27:56 IST" skipped="0">
  <testcase classname="runner.TestRunner" name="runScenario" time="95.626"/>
</testsuite> <!-- runner.TestRunner -->
